0 verbose cli /usr/bin/node /usr/bin/npm
1 info using npm@9.2.0
2 info using node@v18.19.1
3 timing npm:load:whichnode Completed in 0ms
4 timing config:load:defaults Completed in 3ms
5 timing config:load:file:/usr/share/nodejs/npm/npmrc Completed in 5ms
6 timing config:load:builtin Completed in 5ms
7 timing config:load:cli Completed in 3ms
8 timing config:load:env Completed in 2ms
9 timing config:load:project Completed in 3ms
10 timing config:load:file:/home/ubuntu/.npmrc Completed in 0ms
11 timing config:load:user Completed in 0ms
12 timing config:load:file:/etc/npmrc Completed in 0ms
13 timing config:load:global Completed in 0ms
14 timing config:load:setEnvs Completed in 3ms
15 timing config:load Completed in 19ms
16 timing npm:load:configload Completed in 19ms
17 timing npm:load:mkdirpcache Completed in 0ms
18 timing npm:load:mkdirplogs Completed in 1ms
19 verbose title npm run dev
20 verbose argv "run" "dev"
21 timing npm:load:setTitle Completed in 1ms
22 timing config:load:flatten Completed in 7ms
23 timing npm:load:display Completed in 10ms
24 verbose logfile logs-max:10 dir:/home/ubuntu/.npm/_logs/2024-09-21T10_19_54_838Z-
25 verbose logfile /home/ubuntu/.npm/_logs/2024-09-21T10_19_54_838Z-debug-0.log
26 timing npm:load:logFile Completed in 8ms
27 timing npm:load:timers Completed in 1ms
28 timing npm:load:configScope Completed in 0ms
29 timing npm:load Completed in 40ms
30 timing config:load:flatten Completed in 1ms
31 silly logfile done cleaning log files
32 timing command:run Completed in 11ms
33 verbose stack Error: Missing script: "dev"
33 verbose stack
33 verbose stack To see a list of scripts, run:
33 verbose stack   npm run
33 verbose stack     at RunScript.run (/usr/share/nodejs/npm/lib/commands/run-script.js:98:13)
33 verbose stack     at async module.exports (/usr/share/nodejs/npm/lib/cli.js:133:5)
34 verbose cwd /home/ubuntu
35 verbose Linux 6.8.0-1012-aws
36 verbose node v18.19.1
37 verbose npm  v9.2.0
38 error Missing script: "dev"
38 error
38 error To see a list of scripts, run:
38 error   npm run
39 verbose exit 1
40 timing npm Completed in 81ms
41 verbose code 1
42 error A complete log of this run can be found in:
42 error     /home/ubuntu/.npm/_logs/2024-09-21T10_19_54_838Z-debug-0.log
